2024-09-23 22:28:03,425 [INFO] [WebServer] Starting WebServer using Waitress on port: {port}
2024-09-23 22:28:32,902 [INFO] [WebServer] Starting WebServer using Waitress on port: {port}
2024-09-23 22:38:12,174 [INFO] [EventHandler] Event received: PID=19356, database
2024-09-23 22:38:12,182 [INFO] [EventHandler] Event received: PID=19356, WebServer
2024-09-23 22:38:12,182 [INFO] [WebServer] Starting WebServer using Waitress on port: {port}
2024-09-23 22:39:00,477 [INFO] [EventHandler] Event received: PID=14832, database
2024-09-23 22:39:00,486 [INFO] [EventHandler] Event received: PID=14832, WebServer
2024-09-23 22:39:00,487 [INFO] [WebServer] Starting WebServer using Waitress on port: {port}
2024-09-23 22:46:59,079 [INFO] [EventHandler] Event received: PID=14356, database
2024-09-23 22:46:59,087 [INFO] [EventHandler] Event received: PID=14356, WebServer
2024-09-23 22:46:59,087 [INFO] [WebServer] Starting WebServer using Waitress on port: {port}
2024-09-23 22:49:57,623 [INFO] [EventHandler] Event received: PID=8308, database
2024-09-23 22:49:57,630 [INFO] [EventHandler] Event received: PID=8308, WebServer
2024-09-23 22:49:57,631 [INFO] [WebServer] Starting WebServer using Waitress on port: {port}
2024-09-23 22:50:26,453 [INFO] [EventHandler] Event received: PID=22248, database
2024-09-23 22:50:26,460 [INFO] [EventHandler] Event received: PID=22248, WebServer
2024-09-23 22:50:26,461 [INFO] [WebServer] Starting WebServer using Waitress on port: {port}
2024-09-23 22:51:57,049 [INFO] [EventHandler] Event received: PID=19088, database
2024-09-23 22:51:57,058 [INFO] [EventHandler] Event received: PID=19088, WebServer
2024-09-23 22:51:57,059 [INFO] [WebServer] Starting WebServer using Waitress on port: {port}
2024-09-23 22:52:19,622 [INFO] [EventHandler] Event received: PID=26072, database
2024-09-23 22:52:19,632 [INFO] [EventHandler] Event received: PID=26072, WebServer
2024-09-23 22:52:19,633 [INFO] [WebServer] Starting WebServer using Waitress on port: {port}
2024-09-23 22:52:42,340 [INFO] [EventHandler] Event received: PID=23936, database
2024-09-23 22:52:42,348 [INFO] [EventHandler] Event received: PID=23936, WebServer
2024-09-23 22:52:42,349 [INFO] [WebServer] Starting WebServer using Waitress on port: {port}
2024-09-23 22:55:20,805 [INFO] [MyApp] Starting Kasugai version v0.1...
2024-09-23 22:55:20,810 [INFO] [EventHandler] Event received: PID=17372, database
2024-09-23 22:55:20,818 [INFO] [EventHandler] Event received: PID=17372, WebServer
2024-09-23 22:55:20,818 [INFO] [WebServer] Starting WebServer using Waitress on port: {port}
2024-09-23 22:55:52,214 [INFO] [MyApp] Starting Kasugai version v0.1...
2024-09-23 22:55:52,220 [INFO] [EventHandler] Event received: PID=15932, database
2024-09-23 22:55:52,227 [INFO] [EventHandler] Event received: PID=15932, WebServer
2024-09-23 22:55:52,228 [INFO] [WebServer] Starting WebServer using Waitress on port: 8000
2024-09-23 22:59:10,393 [INFO] [MyApp] Starting Kasugai version v0.1...
2024-09-23 22:59:10,399 [INFO] [EventHandler] Event received: PID=1728, database
2024-09-23 22:59:10,406 [INFO] [EventHandler] Event received: PID=1728, WebServer
2024-09-23 22:59:10,406 [INFO] [WebServer] Starting WebServer using Waitress on port: 8000
2024-09-23 23:04:13,366 [INFO] [MyApp] Starting Kasugai version v0.1...
2024-09-23 23:04:13,372 [INFO] [EventHandler] Event received: PID=14208, database
2024-09-23 23:04:13,379 [INFO] [EventHandler] Event received: PID=14208, WebServer
2024-09-23 23:04:13,379 [INFO] [WebServer] Starting WebServer using Waitress on port: 8000
2024-09-23 23:07:37,013 [INFO] [MyApp] Starting Kasugai version v0.1...
2024-09-23 23:07:37,017 [INFO] [EventHandler] Event received: PID=5020, database
2024-09-23 23:07:37,025 [INFO] [EventHandler] Event received: PID=5020, WebServer
2024-09-23 23:07:37,027 [INFO] [WebServer] Starting WebServer using Waitress on port: 8000
2024-09-23 23:09:46,381 [INFO] [MyApp] Starting Kasugai version v0.1...
2024-09-23 23:09:46,385 [INFO] [EventHandler] Event received: PID=6564, database
2024-09-23 23:09:46,393 [INFO] [EventHandler] Event received: PID=6564, WebServer
2024-09-23 23:09:46,393 [INFO] [WebServer] Starting WebServer using Waitress on port: 8000
2024-09-23 23:11:01,382 [INFO] [MyApp] Starting Kasugai version v0.1...
2024-09-23 23:11:01,387 [INFO] [EventHandler] Event received: PID=15788, database
2024-09-23 23:11:01,394 [INFO] [EventHandler] Event received: PID=15788, WebServer
2024-09-23 23:11:01,394 [INFO] [WebServer] Starting WebServer using Waitress on port: 8000
2024-09-23 23:13:34,348 [INFO] [MyApp] Starting Kasugai version v0.1...
2024-09-23 23:13:34,353 [INFO] [EventHandler] Event received: PID=22912, database
2024-09-23 23:13:34,361 [INFO] [EventHandler] Event received: PID=22912, WebServer
2024-09-23 23:13:34,361 [INFO] [WebServer] Starting WebServer using Waitress on port: 8000
2024-09-23 23:17:27,741 [INFO] [MyApp] Starting Kasugai version v0.1...
2024-09-23 23:17:27,746 [INFO] [EventHandler] Event received: PID=24428, database
2024-09-23 23:17:27,754 [INFO] [EventHandler] Event received: PID=24428, WebServer
2024-09-23 23:17:27,755 [INFO] [WebServer] Starting WebServer using Waitress on port: 8000
2024-09-23 23:22:27,485 [INFO] [MyApp] Starting Kasugai version v0.1...
2024-09-23 23:22:27,490 [INFO] [EventHandler] Event received: PID=17604, database
2024-09-23 23:22:27,498 [INFO] [EventHandler] Event received: PID=17604, WebServer
2024-09-23 23:22:27,499 [INFO] [WebServer] Starting WebServer using Waitress on port: 8000
2024-09-23 23:23:06,820 [INFO] [MyApp] Starting Kasugai version v0.1...
2024-09-23 23:23:06,824 [INFO] [EventHandler] Event received: PID=20768, database
2024-09-23 23:23:06,832 [INFO] [EventHandler] Event received: PID=20768, WebServer
2024-09-23 23:23:06,832 [INFO] [WebServer] Starting WebServer using Waitress on port: 8000
2024-09-23 23:23:35,999 [INFO] [MyApp] Starting Kasugai version v0.1...
2024-09-23 23:23:36,003 [INFO] [EventHandler] Event received: PID=3564, database
2024-09-23 23:23:36,010 [INFO] [EventHandler] Event received: PID=3564, WebServer
2024-09-23 23:23:36,011 [INFO] [WebServer] Starting WebServer using Waitress on port: 8000
2024-09-23 23:25:00,231 [INFO] [MyApp] Starting Kasugai version v0.1...
2024-09-23 23:25:00,237 [INFO] [EventHandler] Event received: PID=8364, database
2024-09-23 23:25:00,243 [INFO] [EventHandler] Event received: PID=8364, WebServer
2024-09-23 23:25:00,244 [INFO] [WebServer] Starting WebServer using Waitress on port: 8000
2024-09-23 23:30:09,183 [INFO] [MyApp] Starting Kasugai version v0.1...
2024-09-23 23:30:09,187 [INFO] [EventHandler] Event received: PID=24164, database
2024-09-23 23:30:09,195 [INFO] [EventHandler] Event received: PID=24164, WebServer
2024-09-23 23:30:09,195 [INFO] [WebServer] Starting WebServer using Waitress on port: 8000
2024-09-23 23:30:49,124 [INFO] [MyApp] Starting Kasugai version v0.1...
2024-09-23 23:30:49,129 [INFO] [EventHandler] Event received: PID=9864, database
2024-09-23 23:30:49,136 [INFO] [EventHandler] Event received: PID=9864, WebServer
2024-09-23 23:30:49,137 [INFO] [WebServer] Starting WebServer using Waitress on port: 8000
2024-09-23 23:31:21,549 [INFO] [MyApp] Starting Kasugai version v0.1...
2024-09-23 23:31:21,553 [INFO] [EventHandler] Event received: PID=24600, database
2024-09-23 23:31:21,561 [INFO] [EventHandler] Event received: PID=24600, WebServer
2024-09-23 23:31:21,561 [INFO] [WebServer] Starting WebServer using Waitress on port: 8000
2024-09-23 23:35:36,073 [INFO] [MyApp] Starting Kasugai version v0.1...
2024-09-23 23:35:36,078 [INFO] [EventHandler] Event received: PID=3240, database
2024-09-23 23:35:36,086 [INFO] [EventHandler] Event received: PID=3240, WebServer
2024-09-23 23:35:36,087 [INFO] [WebServer] Starting WebServer using Waitress on port: 8000
2024-09-23 23:38:06,269 [INFO] [MyApp] Starting Kasugai version v0.1...
2024-09-23 23:38:06,278 [INFO] [EventHandler] Event received: PID=26332, database
2024-09-23 23:38:06,283 [INFO] [EventHandler] Event received: PID=26332, WebServer
2024-09-23 23:38:06,283 [INFO] [WebServer] Starting WebServer using Waitress on port: 8000
2024-09-23 23:39:15,357 [INFO] [MyApp] Starting Kasugai version v0.1...
2024-09-23 23:39:15,361 [INFO] [EventHandler] Event received: PID=26084, database
2024-09-23 23:39:15,368 [INFO] [EventHandler] Event received: PID=26084, WebServer
2024-09-23 23:39:15,369 [INFO] [WebServer] Starting WebServer using Waitress on port: 8000
2024-09-23 23:40:26,488 [INFO] [MyApp] Starting Kasugai version v0.1...
2024-09-23 23:40:26,493 [INFO] [EventHandler] Event received: PID=26176, database
2024-09-23 23:40:26,500 [INFO] [EventHandler] Event received: PID=26176, WebServer
2024-09-23 23:40:26,500 [INFO] [WebServer] Starting WebServer using Waitress on port: 8000
2024-09-23 23:40:57,115 [INFO] [MyApp] Starting Kasugai version v0.1...
2024-09-23 23:40:57,119 [INFO] [EventHandler] Event received: PID=9428, database
2024-09-23 23:40:57,127 [INFO] [EventHandler] Event received: PID=9428, WebServer
2024-09-23 23:40:57,128 [INFO] [WebServer] Starting WebServer using Waitress on port: 8000
2024-09-23 23:42:21,183 [INFO] [MyApp] Starting Kasugai version v0.1...
2024-09-23 23:42:21,187 [INFO] [EventHandler] Event received: PID=21700, database
2024-09-23 23:42:21,195 [INFO] [EventHandler] Event received: PID=21700, WebServer
2024-09-23 23:42:21,195 [INFO] [WebServer] Starting WebServer using Waitress on port: 8000
2024-09-23 23:44:01,918 [INFO] [MyApp] Starting Kasugai version v0.1...
2024-09-23 23:44:01,922 [INFO] [EventHandler] Event received: PID=25332, database
2024-09-23 23:44:01,930 [INFO] [EventHandler] Event received: PID=25332, WebServer
2024-09-23 23:44:01,930 [INFO] [WebServer] Starting WebServer using Waitress on port: 8000
2024-09-23 23:45:00,687 [INFO] [MyApp] Starting Kasugai version v0.1...
2024-09-23 23:45:00,691 [INFO] [EventHandler] Event received: PID=26148, database
2024-09-23 23:45:00,698 [INFO] [EventHandler] Event received: PID=26148, WebServer
2024-09-23 23:45:00,699 [INFO] [WebServer] Starting WebServer using Waitress on port: 8000
2024-09-23 23:50:01,552 [INFO] [MyApp] Starting Kasugai version v0.1...
2024-09-23 23:50:01,558 [INFO] [EventHandler] Event received: PID=17192, database
2024-09-23 23:50:01,565 [INFO] [EventHandler] Event received: PID=17192, WebServer
2024-09-23 23:50:01,566 [INFO] [WebServer] Starting WebServer using Waitress on port: 8000
2024-09-23 23:54:10,187 [INFO] [MyApp] Starting Kasugai version v0.1...
2024-09-23 23:54:10,192 [INFO] [EventHandler] Event received: PID=8656, database
2024-09-23 23:54:10,199 [INFO] [EventHandler] Event received: PID=8656, WebServer
2024-09-23 23:54:10,199 [INFO] [WebServer] Starting WebServer using Waitress on port: 8000
2024-09-23 23:56:48,031 [INFO] [MyApp] Starting Kasugai version v0.1...
2024-09-23 23:56:48,036 [INFO] [EventHandler] Event received: PID=22840, database
2024-09-23 23:56:48,044 [INFO] [EventHandler] Event received: PID=22840, WebServer
2024-09-23 23:56:48,044 [INFO] [WebServer] Starting WebServer using Waitress on port: 8000
2024-09-23 23:56:56,605 [INFO] [MyApp] Starting Kasugai version v0.1...
2024-09-23 23:56:56,611 [INFO] [EventHandler] Event received: PID=17880, database
2024-09-23 23:56:56,619 [INFO] [EventHandler] Event received: PID=17880, WebServer
2024-09-23 23:56:56,619 [INFO] [WebServer] Starting WebServer using Waitress on port: 8000
